2015-10-27 09:07:32 Error: Fatal Error (4): syntax error, unexpected 'return' (T_RETURN) in [/var/www/html/preguntas_academicas/web/app/Model/Cliente.php, line 52]
2015-10-27 09:07:32 Error: [FatalErrorException] syntax error, unexpected 'return' (T_RETURN)
Request URL: /preguntas_academicas/web/clientes/add
Stack Trace:
#0 /var/www/html/preguntas_academicas/web/lib/Cake/Error/ErrorHandler.php(213): ErrorHandler::handleFatalError(4, 'syntax error, u...', '/var/www/html/p...', 52)
#1 [internal function]: ErrorHandler::handleError(4, 'syntax error, u...', '/var/www/html/p...', 52, Array)
#2 /var/www/html/preguntas_academicas/web/lib/Cake/Core/App.php(933): call_user_func('ErrorHandler::h...', 4, 'syntax error, u...', '/var/www/html/p...', 52, Array)
#3 /var/www/html/preguntas_academicas/web/lib/Cake/Core/App.php(906): App::_checkFatalError()
#4 [internal function]: App::shutdown()
#5 {main}
2015-10-27 09:08:55 Error: [PDOException] SQLSTATE[23000]: Integrity constraint violation: 1062 Duplicate entry 'admin' for key 'username'
Request URL: /preguntas_academicas/web/clientes/add
Stack Trace:
#0 /var/www/html/preguntas_academicas/web/lib/Cake/Model/Datasource/DboSource.php(461): PDOStatement->execute(Array)
#1 /var/www/html/preguntas_academicas/web/lib/Cake/Model/Datasource/DboSource.php(427): DboSource->_execute('INSERT INTO `pr...', Array)
#2 /var/www/html/preguntas_academicas/web/lib/Cake/Model/Datasource/DboSource.php(1024): DboSource->execute('INSERT INTO `pr...')
#3 /var/www/html/preguntas_academicas/web/lib/Cake/Model/Model.php(1933): DboSource->create(Object(Cliente), Array, Array)
#4 /var/www/html/preguntas_academicas/web/lib/Cake/Model/Model.php(1751): Model->_doSave(Array, Array)
#5 /var/www/html/preguntas_academicas/web/app/Model/Cliente.php(51): Model->save(Array)
#6 /var/www/html/preguntas_academicas/web/app/Controller/ClientesController.php(52): Cliente->nuevo(Array)
#7 [internal function]: ClientesController->add()
#8 /var/www/html/preguntas_academicas/web/lib/Cake/Controller/Controller.php(490): ReflectionMethod->invokeArgs(Object(ClientesController), Array)
#9 /var/www/html/preguntas_academicas/web/lib/Cake/Routing/Dispatcher.php(193): Controller->invokeAction(Object(CakeRequest))
#10 /var/www/html/preguntas_academicas/web/lib/Cake/Routing/Dispatcher.php(167): Dispatcher->_invoke(Object(ClientesController), Object(CakeRequest))
#11 /var/www/html/preguntas_academicas/web/app/webroot/index.php(115): Dispatcher->dispatch(Object(CakeRequest), Object(CakeResponse))
#12 {main}
2015-10-27 09:23:49 Error: [MissingActionException] Action ClientesController::generar_codigo() could not be found.
Exception Attributes: array (
  'controller' => 'ClientesController',
  'action' => 'generar_codigo',
)
Request URL: /preguntas_academicas/web/clientes/generar_codigo/dsff
Stack Trace:
#0 /var/www/html/preguntas_academicas/web/lib/Cake/Routing/Dispatcher.php(193): Controller->invokeAction(Object(CakeRequest))
#1 /var/www/html/preguntas_academicas/web/lib/Cake/Routing/Dispatcher.php(167): Dispatcher->_invoke(Object(ClientesController), Object(CakeRequest))
#2 /var/www/html/preguntas_academicas/web/app/webroot/index.php(115): Dispatcher->dispatch(Object(CakeRequest), Object(CakeResponse))
#3 {main}
